[debug] [2023-04-04T17:55:42.033Z] ----------------------------------------------------------------------
[debug] [2023-04-04T17:55:42.037Z] Command:       C:\Program Files\nodejs\node.exe C:\Users\agraw\AppData\Roaming\npm\node_modules\firebase-tools\lib\bin\firebase.js init
[debug] [2023-04-04T17:55:42.039Z] CLI Version:   11.25.2
[debug] [2023-04-04T17:55:42.039Z] Platform:      win32
[debug] [2023-04-04T17:55:42.040Z] Node Version:  v18.15.0
[debug] [2023-04-04T17:55:42.042Z] Time:          Tue Apr 04 2023 23:25:42 GMT+0530 (India Standard Time)
[debug] [2023-04-04T17:55:42.043Z] ----------------------------------------------------------------------
[debug] 
[debug] [2023-04-04T17:55:42.074Z] > command requires scopes: ["email","openid","https://www.googleapis.com/auth/cloudplatformprojects.readonly","https://www.googleapis.com/auth/firebase","https://www.googleapis.com/auth/cloud-platform"]
[debug] [2023-04-04T17:55:42.076Z] > authorizing via signed-in user (21cs3068@rgipt.ac.in)
[info] 
     ######## #### ########  ######## ########     ###     ######  ########
     ##        ##  ##     ## ##       ##     ##  ##   ##  ##       ##
     ######    ##  ########  ######   ########  #########  ######  ######
     ##        ##  ##    ##  ##       ##     ## ##     ##       ## ##
     ##       #### ##     ## ######## ########  ##     ##  ######  ########

You're about to initialize a Firebase project in this directory:

  D:\agraw\projects\Hymn & Harmony

[info] 
=== Project Setup
[info] 
[info] First, let's associate this project directory with a Firebase project.
[info] You can create multiple project aliases by running firebase use --add, 
[info] but for now we'll just set up a default project.
[info] 
